<?xml version="1.0" encoding="UTF-8"?>
<!-- Generated by org.testng.reporters.JUnitReportReporter -->
<testsuite hostname="DESKTOP-6LGQ6RF" failures="0" tests="1" name="demo.advanced.tests.TestClass1" time="0.014" errors="0" timestamp="2023-02-07T15:00:05 IST" skipped="0">
  <testcase classname="demo.advanced.tests.TestClass1" name="Test2" time="0.014"/>
  <system-out/>
</testsuite> <!-- demo.advanced.tests.TestClass1 -->
