<?xml version="1.0" encoding="UTF-8"?>
<!-- Generated by org.testng.reporters.JUnitReportReporter -->
<testsuite hostname="DESKTOP-6LGQ6RF" failures="0" tests="3" name="demo.advanced.tests.TestClass2" time="0.023" errors="0" timestamp="2023-02-07T15:00:05 IST" skipped="0">
  <testcase classname="demo.advanced.tests.TestClass2" name="TestMethod1FromTestClass2" time="0.004"/>
  <system-out/>
  <testcase classname="demo.advanced.tests.TestClass2" name="TestMethod2FromTestClass2" time="0.011"/>
  <system-out/>
  <testcase classname="demo.advanced.tests.TestClass2" name="TestMethod3FromTestClass2" time="0.008"/>
  <system-out/>
</testsuite> <!-- demo.advanced.tests.TestClass2 -->
